<?xml version="1.0" encoding="UTF-8"?>
<!-- Generated by org.testng.reporters.JUnitXMLReporter -->
<testsuite ignored="0" hostname="LTIN448040" failures="0" tests="11" name="TestOnEdge" time="143.501" errors="0" timestamp="2023-07-17T11:24:57 IST">
  <testcase classname="Test.TestCases" name="selectCity" time="0.655"/>
  <testcase classname="Test.TestCases" name="cityDropDown" time="0.657"/>
  <testcase classname="Test.TestCases" name="selectHospital" time="0.339"/>
  <testcase classname="Test.TestCases" name="hospitalDropDown" time="6.416"/>
  <testcase classname="Test.TestCases" name="validation" time="17.828"/>
  <testcase classname="Test.TestCases" name="printTheValidatedDetails" time="0.002"/>
  <testcase classname="Test.TestCases" name="clickDiagnosisPage" time="12.93"/>
  <testcase classname="Test.TestCases" name="printTheCities" time="6.046"/>
  <testcase classname="Test.TestCases" name="clickTOExitThePage" time="1.593"/>
  <testcase classname="Test.TestCases" name="wellNess" time="5.306"/>
  <testcase classname="Test.TestCases" name="fillDetails" time="68.657"/>
</testsuite> <!-- TestOnEdge -->
