<?xml version="1.0" encoding="UTF-8"?>
<!-- Generated by org.testng.reporters.JUnitXMLReporter -->
<testsuite ignored="0" hostname="LTIN448040" failures="0" tests="11" name="TestOnChrome" time="175.786" errors="0" timestamp="2023-07-17T11:22:34 IST">
  <testcase classname="Test.TestCases" name="selectCity" time="1.02"/>
  <testcase classname="Test.TestCases" name="cityDropDown" time="0.69"/>
  <testcase classname="Test.TestCases" name="selectHospital" time="0.335"/>
  <testcase classname="Test.TestCases" name="hospitalDropDown" time="35.848"/>
  <testcase classname="Test.TestCases" name="validation" time="18.626"/>
  <testcase classname="Test.TestCases" name="printTheValidatedDetails" time="0.002"/>
  <testcase classname="Test.TestCases" name="clickDiagnosisPage" time="12.817"/>
  <testcase classname="Test.TestCases" name="printTheCities" time="6.138"/>
  <testcase classname="Test.TestCases" name="clickTOExitThePage" time="0.359"/>
  <testcase classname="Test.TestCases" name="wellNess" time="5.239"/>
  <testcase classname="Test.TestCases" name="fillDetails" time="38.624"/>
</testsuite> <!-- TestOnChrome -->
