<?xml version="1.0" encoding="UTF-8"?>
<!-- Generated by org.testng.reporters.JUnitXMLReporter -->
<testsuite ignored="0" hostname="LTIN447915" failures="0" tests="11" name="Test" time="0.051" errors="0" timestamp="2023-06-21T22:58:44 IST">
  <testcase classname="Test.TestCases" name="@BeforeSuite driverSetup" time="-1.687368524192E9">
    <failure type="org.testng.TestNGException" message="
Parameter &amp;apos;browserName&amp;apos; is required by BeforeSuite on method driverSetup but has not been marked @Optional or defined
in C:\Users\2269300\Downloads\Hackathon (1)\PackageName\testng1.xml">
      <![CDATA[org.testng.TestNGException: 
Parameter 'browserName' is required by BeforeSuite on method driverSetup but has not been marked @Optional or defined
in C:\Users\2269300\Downloads\Hackathon (1)\PackageName\testng1.xml
... Removed 16 stack frames]]>
    </failure>
  </testcase> <!-- @BeforeSuite driverSetup -->
  <testcase classname="Test.TestCases" name="selectCity" time="0.0">
    <skipped/>
  </testcase> <!-- selectCity -->
  <testcase classname="Test.TestCases" name="cityDropDown" time="0.0">
    <skipped/>
  </testcase> <!-- cityDropDown -->
  <testcase classname="Test.TestCases" name="selectHospital" time="0.0">
    <skipped/>
  </testcase> <!-- selectHospital -->
  <testcase classname="Test.TestCases" name="hospitalDropDown" time="0.0">
    <skipped/>
  </testcase> <!-- hospitalDropDown -->
  <testcase classname="Test.TestCases" name="validation" time="0.0">
    <skipped/>
  </testcase> <!-- validation -->
  <testcase classname="Test.TestCases" name="printTheValidatedDetails" time="0.0">
    <skipped/>
  </testcase> <!-- printTheValidatedDetails -->
  <testcase classname="Test.TestCases" name="clickDiagnosisPage" time="0.0">
    <skipped/>
  </testcase> <!-- clickDiagnosisPage -->
  <testcase classname="Test.TestCases" name="printTheCities" time="0.0">
    <skipped/>
  </testcase> <!-- printTheCities -->
  <testcase classname="Test.TestCases" name="clickTOExitThePage" time="0.0">
    <skipped/>
  </testcase> <!-- clickTOExitThePage -->
  <testcase classname="Test.TestCases" name="wellNess" time="0.0">
    <skipped/>
  </testcase> <!-- wellNess -->
  <testcase classname="Test.TestCases" name="fillDetails" time="0.0">
    <skipped/>
  </testcase> <!-- fillDetails -->
</testsuite> <!-- Test -->
