<?xml version="1.0" encoding="UTF-8"?>
<!-- Generated by org.testng.reporters.JUnitXMLReporter -->
<testsuite ignored="0" hostname="LTIN408297" failures="0" tests="11" name="Default test" time="46.707" errors="0" timestamp="2023-06-26T15:34:40 IST">
  <testcase classname="Test.TestCases" name="searchBookShelves" time="5.194"/>
  <testcase classname="Test.TestCases" name="category" time="2.267"/>
  <testcase classname="Test.TestCases" name="price" time="3.622"/>
  <testcase classname="Test.TestCases" name="excludeOutOfStock" time="2.118"/>
  <testcase classname="Test.TestCases" name="display_1st_Three_Results" time="2.142"/>
  <testcase classname="Test.TestCases" name="sofasAndReclinders_Menu" time="1.083"/>
  <testcase classname="Test.TestCases" name="extractSub_Menus" time="0.07"/>
  <testcase classname="Test.TestCases" name="printSub_Menus" time="0.289"/>
  <testcase classname="Test.TestCases" name="customizeGiftCards" time="26.329"/>
  <testcase classname="Test.TestCases" name="fillDetails" time="1.283"/>
  <testcase classname="Test.TestCases" name="captureErrorMessage" time="2.243"/>
</testsuite> <!-- Default test -->
