<?xml version="1.0" encoding="UTF-8"?>
<!-- Generated by org.testng.reporters.JUnitXMLReporter -->
<testsuite ignored="0" hostname="LTIN408297" failures="3" tests="11" name="Test" time="0.078" errors="0" timestamp="2023-06-16T22:43:44 IST">
  <testcase classname="Test.TestCases" name="searchBookShelves" time="0.009">
    <failure type="java.lang.NullPointerException" message="Cannot invoke &amp;quot;com.aventstack.extentreports.ExtentReports.createTest(String)&amp;quot; because &amp;quot;this.extendreports&amp;quot; is null">
      <![CDATA[java.lang.NullPointerException: Cannot invoke "com.aventstack.extentreports.ExtentReports.createTest(String)" because "this.extendreports" is null
at Test.TestCases.searchBookShelves(TestCases.java:38)
at java.base/java.util.ArrayList.forEach(ArrayList.java:1511)
... Removed 27 stack frames]]>
    </failure>
  </testcase> <!-- searchBookShelves -->
  <testcase classname="Test.TestCases" name="category" time="0.0">
    <skipped/>
  </testcase> <!-- category -->
  <testcase classname="Test.TestCases" name="price" time="0.0">
    <skipped/>
  </testcase> <!-- price -->
  <testcase classname="Test.TestCases" name="excludeOutOfStock" time="0.0">
    <skipped/>
  </testcase> <!-- excludeOutOfStock -->
  <testcase classname="Test.TestCases" name="display_1st_Three_Results" time="0.0">
    <skipped/>
  </testcase> <!-- display_1st_Three_Results -->
  <testcase classname="Test.TestCases" name="sofasAndReclinders_Menu" time="0.001">
    <failure type="java.lang.NullPointerException" message="Cannot invoke &amp;quot;com.aventstack.extentreports.ExtentReports.createTest(String)&amp;quot; because &amp;quot;this.extendreports&amp;quot; is null">
      <![CDATA[java.lang.NullPointerException: Cannot invoke "com.aventstack.extentreports.ExtentReports.createTest(String)" because "this.extendreports" is null
at Test.TestCases.sofasAndReclinders_Menu(TestCases.java:98)
at java.base/java.util.ArrayList.forEach(ArrayList.java:1511)
... Removed 27 stack frames]]>
    </failure>
  </testcase> <!-- sofasAndReclinders_Menu -->
  <testcase classname="Test.TestCases" name="extractSub_Menus" time="0.0">
    <skipped/>
  </testcase> <!-- extractSub_Menus -->
  <testcase classname="Test.TestCases" name="printSub_Menus" time="0.0">
    <skipped/>
  </testcase> <!-- printSub_Menus -->
  <testcase classname="Test.TestCases" name="customizeGiftCards" time="0.001">
    <failure type="java.lang.NullPointerException" message="Cannot invoke &amp;quot;com.aventstack.extentreports.ExtentReports.createTest(String)&amp;quot; because &amp;quot;this.extendreports&amp;quot; is null">
      <![CDATA[java.lang.NullPointerException: Cannot invoke "com.aventstack.extentreports.ExtentReports.createTest(String)" because "this.extendreports" is null
at Test.TestCases.customizeGiftCards(TestCases.java:134)
at java.base/java.util.ArrayList.forEach(ArrayList.java:1511)
... Removed 27 stack frames]]>
    </failure>
  </testcase> <!-- customizeGiftCards -->
  <testcase classname="Test.TestCases" name="fillDetails" time="0.0">
    <skipped/>
  </testcase> <!-- fillDetails -->
  <testcase classname="Test.TestCases" name="captureErrorMessage" time="0.0">
    <skipped/>
  </testcase> <!-- captureErrorMessage -->
</testsuite> <!-- Test -->
