<?xml version="1.0" encoding="UTF-8"?>
<testng-results ignored="0" total="22" passed="22" failed="0" skipped="0">
  <reporter-output>
  </reporter-output>
  <suite started-at="2023-07-17T11:19:38 IST" name="Suite" finished-at="2023-07-17T11:24:57 IST" duration-ms="319356">
    <groups>
      <group name="Diagnostics pages">
        <method signature="TestCases.clickTOExitThePage()[pri:0, instance:Test.TestCases@3c77d488]" name="clickTOExitThePage" class="Test.TestCases"/>
        <method signature="TestCases.clickTOExitThePage()[pri:0, instance:Test.TestCases@5f049ea1]" name="clickTOExitThePage" class="Test.TestCases"/>
      </group> <!-- Diagnostics pages -->
    </groups>
    <test started-at="2023-07-17T11:19:38 IST" name="TestOnChrome" finished-at="2023-07-17T11:22:34 IST" duration-ms="175786">
      <class name="Test.TestCases">
        <test-method is-config="true" signature="driverSetup(java.lang.String)[pri:0, instance:Test.TestCases@3c77d488]" started-at="2023-07-17T11:19:38 IST" name="driverSetup" finished-at="2023-07-17T11:20:22 IST" duration-ms="44021" status="PASS">
          <params>
            <param index="0">
              <value>
                <![CDATA[chrome]]>
              </value>
            </param>
          </params>
          <reporter-output>
          </reporter-output>
        </test-method> <!-- driverSetup -->
        <test-method signature="selectCity()[pri:1, instance:Test.TestCases@3c77d488]" started-at="2023-07-17T11:20:22 IST" name="selectCity" finished-at="2023-07-17T11:20:23 IST" duration-ms="1020" status="PASS">
          <reporter-output>
          </reporter-output>
        </test-method> <!-- selectCity -->
        <test-method signature="cityDropDown()[pri:0, instance:Test.TestCases@3c77d488]" started-at="2023-07-17T11:20:23 IST" name="cityDropDown" finished-at="2023-07-17T11:20:24 IST" depends-on-methods="Test.TestCases.selectCity" duration-ms="690" status="PASS">
          <reporter-output>
          </reporter-output>
        </test-method> <!-- cityDropDown -->
        <test-method signature="selectHospital()[pri:0, instance:Test.TestCases@3c77d488]" started-at="2023-07-17T11:20:24 IST" name="selectHospital" finished-at="2023-07-17T11:20:24 IST" depends-on-methods="Test.TestCases.cityDropDown" duration-ms="335" status="PASS">
          <reporter-output>
          </reporter-output>
        </test-method> <!-- selectHospital -->
        <test-method signature="hospitalDropDown()[pri:0, instance:Test.TestCases@3c77d488]" started-at="2023-07-17T11:20:24 IST" name="hospitalDropDown" finished-at="2023-07-17T11:21:00 IST" depends-on-methods="Test.TestCases.selectHospital" duration-ms="35848" status="PASS">
          <reporter-output>
          </reporter-output>
        </test-method> <!-- hospitalDropDown -->
        <test-method signature="validation()[pri:0, instance:Test.TestCases@3c77d488]" started-at="2023-07-17T11:21:00 IST" name="validation" finished-at="2023-07-17T11:21:18 IST" depends-on-methods="Test.TestCases.hospitalDropDown" duration-ms="18626" status="PASS">
          <reporter-output>
          </reporter-output>
        </test-method> <!-- validation -->
        <test-method signature="printTheValidatedDetails()[pri:0, instance:Test.TestCases@3c77d488]" started-at="2023-07-17T11:21:18 IST" name="printTheValidatedDetails" finished-at="2023-07-17T11:21:18 IST" depends-on-methods="Test.TestCases.validation" duration-ms="2" status="PASS">
          <reporter-output>
          </reporter-output>
        </test-method> <!-- printTheValidatedDetails -->
        <test-method signature="clickDiagnosisPage()[pri:2, instance:Test.TestCases@3c77d488]" started-at="2023-07-17T11:21:18 IST" name="clickDiagnosisPage" finished-at="2023-07-17T11:21:31 IST" duration-ms="12817" status="PASS">
          <reporter-output>
          </reporter-output>
        </test-method> <!-- clickDiagnosisPage -->
        <test-method signature="printTheCities()[pri:0, instance:Test.TestCases@3c77d488]" started-at="2023-07-17T11:21:31 IST" name="printTheCities" finished-at="2023-07-17T11:21:37 IST" depends-on-methods="Test.TestCases.clickDiagnosisPage" duration-ms="6138" status="PASS">
          <reporter-output>
          </reporter-output>
        </test-method> <!-- printTheCities -->
        <test-method signature="clickTOExitThePage()[pri:0, instance:Test.TestCases@3c77d488]" started-at="2023-07-17T11:21:37 IST" name="clickTOExitThePage" finished-at="2023-07-17T11:21:38 IST" depends-on-methods="Test.TestCases.printTheCities" duration-ms="359" status="PASS">
          <reporter-output>
          </reporter-output>
        </test-method> <!-- clickTOExitThePage -->
        <test-method signature="wellNess()[pri:3, instance:Test.TestCases@3c77d488]" started-at="2023-07-17T11:21:38 IST" name="wellNess" finished-at="2023-07-17T11:21:43 IST" duration-ms="5239" status="PASS">
          <reporter-output>
          </reporter-output>
        </test-method> <!-- wellNess -->
        <test-method signature="fillDetails()[pri:0, instance:Test.TestCases@3c77d488]" started-at="2023-07-17T11:21:43 IST" name="fillDetails" finished-at="2023-07-17T11:22:22 IST" depends-on-methods="Test.TestCases.wellNess" duration-ms="38624" status="PASS">
          <reporter-output>
          </reporter-output>
        </test-method> <!-- fillDetails -->
        <test-method is-config="true" signature="closeBrowser()[pri:0, instance:Test.TestCases@3c77d488]" started-at="2023-07-17T11:22:22 IST" name="closeBrowser" finished-at="2023-07-17T11:22:34 IST" duration-ms="11948" status="PASS">
          <reporter-output>
          </reporter-output>
        </test-method> <!-- closeBrowser -->
      </class> <!-- Test.TestCases -->
    </test> <!-- TestOnChrome -->
    <test started-at="2023-07-17T11:22:34 IST" name="TestOnEdge" finished-at="2023-07-17T11:24:57 IST" duration-ms="143501">
      <class name="Test.TestCases">
        <test-method is-config="true" signature="driverSetup(java.lang.String)[pri:0, instance:Test.TestCases@5f049ea1]" started-at="2023-07-17T11:22:34 IST" name="driverSetup" finished-at="2023-07-17T11:22:45 IST" duration-ms="11527" status="PASS">
          <params>
            <param index="0">
              <value>
                <![CDATA[edge]]>
              </value>
            </param>
          </params>
          <reporter-output>
          </reporter-output>
        </test-method> <!-- driverSetup -->
        <test-method signature="selectCity()[pri:1, instance:Test.TestCases@5f049ea1]" started-at="2023-07-17T11:22:45 IST" name="selectCity" finished-at="2023-07-17T11:22:46 IST" duration-ms="655" status="PASS">
          <reporter-output>
          </reporter-output>
        </test-method> <!-- selectCity -->
        <test-method signature="cityDropDown()[pri:0, instance:Test.TestCases@5f049ea1]" started-at="2023-07-17T11:22:46 IST" name="cityDropDown" finished-at="2023-07-17T11:22:46 IST" depends-on-methods="Test.TestCases.selectCity" duration-ms="657" status="PASS">
          <reporter-output>
          </reporter-output>
        </test-method> <!-- cityDropDown -->
        <test-method signature="selectHospital()[pri:0, instance:Test.TestCases@5f049ea1]" started-at="2023-07-17T11:22:46 IST" name="selectHospital" finished-at="2023-07-17T11:22:47 IST" depends-on-methods="Test.TestCases.cityDropDown" duration-ms="339" status="PASS">
          <reporter-output>
          </reporter-output>
        </test-method> <!-- selectHospital -->
        <test-method signature="hospitalDropDown()[pri:0, instance:Test.TestCases@5f049ea1]" started-at="2023-07-17T11:22:47 IST" name="hospitalDropDown" finished-at="2023-07-17T11:22:53 IST" depends-on-methods="Test.TestCases.selectHospital" duration-ms="6416" status="PASS">
          <reporter-output>
          </reporter-output>
        </test-method> <!-- hospitalDropDown -->
        <test-method signature="validation()[pri:0, instance:Test.TestCases@5f049ea1]" started-at="2023-07-17T11:22:53 IST" name="validation" finished-at="2023-07-17T11:23:11 IST" depends-on-methods="Test.TestCases.hospitalDropDown" duration-ms="17828" status="PASS">
          <reporter-output>
          </reporter-output>
        </test-method> <!-- validation -->
        <test-method signature="printTheValidatedDetails()[pri:0, instance:Test.TestCases@5f049ea1]" started-at="2023-07-17T11:23:11 IST" name="printTheValidatedDetails" finished-at="2023-07-17T11:23:11 IST" depends-on-methods="Test.TestCases.validation" duration-ms="2" status="PASS">
          <reporter-output>
          </reporter-output>
        </test-method> <!-- printTheValidatedDetails -->
        <test-method signature="clickDiagnosisPage()[pri:2, instance:Test.TestCases@5f049ea1]" started-at="2023-07-17T11:23:11 IST" name="clickDiagnosisPage" finished-at="2023-07-17T11:23:24 IST" duration-ms="12930" status="PASS">
          <reporter-output>
          </reporter-output>
        </test-method> <!-- clickDiagnosisPage -->
        <test-method signature="printTheCities()[pri:0, instance:Test.TestCases@5f049ea1]" started-at="2023-07-17T11:23:24 IST" name="printTheCities" finished-at="2023-07-17T11:23:30 IST" depends-on-methods="Test.TestCases.clickDiagnosisPage" duration-ms="6046" status="PASS">
          <reporter-output>
          </reporter-output>
        </test-method> <!-- printTheCities -->
        <test-method signature="clickTOExitThePage()[pri:0, instance:Test.TestCases@5f049ea1]" started-at="2023-07-17T11:23:30 IST" name="clickTOExitThePage" finished-at="2023-07-17T11:23:32 IST" depends-on-methods="Test.TestCases.printTheCities" duration-ms="1593" status="PASS">
          <reporter-output>
          </reporter-output>
        </test-method> <!-- clickTOExitThePage -->
        <test-method signature="wellNess()[pri:3, instance:Test.TestCases@5f049ea1]" started-at="2023-07-17T11:23:32 IST" name="wellNess" finished-at="2023-07-17T11:23:37 IST" duration-ms="5306" status="PASS">
          <reporter-output>
          </reporter-output>
        </test-method> <!-- wellNess -->
        <test-method signature="fillDetails()[pri:0, instance:Test.TestCases@5f049ea1]" started-at="2023-07-17T11:23:37 IST" name="fillDetails" finished-at="2023-07-17T11:24:46 IST" depends-on-methods="Test.TestCases.wellNess" duration-ms="68657" status="PASS">
          <reporter-output>
          </reporter-output>
        </test-method> <!-- fillDetails -->
        <test-method is-config="true" signature="closeBrowser()[pri:0, instance:Test.TestCases@5f049ea1]" started-at="2023-07-17T11:24:46 IST" name="closeBrowser" finished-at="2023-07-17T11:24:57 IST" duration-ms="11512" status="PASS">
          <reporter-output>
          </reporter-output>
        </test-method> <!-- closeBrowser -->
      </class> <!-- Test.TestCases -->
    </test> <!-- TestOnEdge -->
  </suite> <!-- Suite -->
</testng-results>
